<?xml version="1.0" encoding="UTF-8"?>
<!-- Generated by org.testng.reporters.JUnitReportReporter -->
<testsuite skipped="0" hostname="LENOVO" name="com.mavendemo.test.LoginPageTest" tests="1" failures="0" timestamp="23 Jun 2021 06:02:56 GMT" time="13.917" errors="0">
  <testcase name="loginPageTitleTest" time="13.917" classname="com.mavendemo.test.LoginPageTest"/>
</testsuite> <!-- com.mavendemo.test.LoginPageTest -->
