<?xml version="1.0" encoding="UTF-8"?>
<!-- Generated by org.testng.reporters.JUnitReportReporter -->
<testsuite skipped="0" hostname="LENOVO" name="com.mavendemo.test.HomePageAndProductSelectPageTest" tests="1" failures="0" timestamp="23 Jun 2021 06:02:55 GMT" time="18.551" errors="0">
  <testcase name="homePageTitleTest" time="18.551" classname="com.mavendemo.test.HomePageAndProductSelectPageTest"/>
</testsuite> <!-- com.mavendemo.test.HomePageAndProductSelectPageTest -->
