<?xml version="1.0" encoding="UTF-8"?>
<!-- Generated by org.testng.reporters.JUnitReportReporter -->
<testsuite skipped="0" hostname="LENOVO" name="com.mavendemo.test.LoginPageTest" tests="2" failures="0" timestamp="16 Jun 2021 10:26:55 GMT" time="40.586" errors="0">
  <testcase name="loginPageTitleTest" time="25.598" classname="com.mavendemo.test.LoginPageTest"/>
  <testcase name="loginTest" time="14.988" classname="com.mavendemo.test.LoginPageTest"/>
</testsuite> <!-- com.mavendemo.test.LoginPageTest -->
