<?xml version="1.0" encoding="UTF-8"?>
<!-- Generated by org.testng.reporters.JUnitReportReporter -->
<testsuite skipped="0" hostname="LENOVO" name="com.mavendemo.test.HomePageTest" tests="3" failures="0" timestamp="16 Jun 2021 10:26:55 GMT" time="65.219" errors="0">
  <testcase name="homePageTitleTest" time="24.950" classname="com.mavendemo.test.HomePageTest"/>
  <testcase name="hometest" time="25.044" classname="com.mavendemo.test.HomePageTest"/>
  <testcase name="homePageUserTest" time="15.225" classname="com.mavendemo.test.HomePageTest"/>
</testsuite> <!-- com.mavendemo.test.HomePageTest -->
