<?xml version="1.0" encoding="UTF-8"?>
<!-- Generated by org.testng.reporters.JUnitReportReporter -->
<testsuite skipped="0" hostname="LENOVO" name="com.mavendemo.test.BuyPageTest" tests="2" failures="0" timestamp="30 Jun 2021 09:08:37 GMT" time="100.028" errors="0">
  <testcase name="buyPageTitleTest" time="70.470" classname="com.mavendemo.test.BuyPageTest"/>
  <testcase name="buyPageBuyButtonClick" time="29.558" classname="com.mavendemo.test.BuyPageTest"/>
</testsuite> <!-- com.mavendemo.test.BuyPageTest -->
