<?xml version="1.0" encoding="UTF-8"?>
<!-- Generated by org.testng.reporters.JUnitReportReporter -->
<testsuite skipped="0" hostname="LENOVO" name="com.mavendemo.test.BuyPageTest" tests="2" failures="0" timestamp="25 Jun 2021 04:06:30 GMT" time="50.206" errors="0">
  <testcase name="buyPageTitleTest" time="25.464" classname="com.mavendemo.test.BuyPageTest"/>
  <testcase name="buyPageBuyButtonClick" time="24.742" classname="com.mavendemo.test.BuyPageTest"/>
</testsuite> <!-- com.mavendemo.test.BuyPageTest -->
