<?xml version="1.0" encoding="UTF-8"?>
<!-- Generated by org.testng.reporters.JUnitReportReporter -->
<testsuite skipped="0" hostname="LENOVO" name="com.mavendemo.test.LoginPageTest" tests="2" failures="0" timestamp="28 Jun 2021 14:09:54 GMT" time="55.608" errors="0">
  <testcase name="loginPageTitleTest" time="18.272" classname="com.mavendemo.test.LoginPageTest"/>
  <testcase name="loginTest" time="37.336" classname="com.mavendemo.test.LoginPageTest"/>
</testsuite> <!-- com.mavendemo.test.LoginPageTest -->
