<?xml version="1.0" encoding="UTF-8"?>
<!-- Generated by org.testng.reporters.JUnitReportReporter -->
<testsuite skipped="0" hostname="LENOVO" name="com.mavendemo.test.BuyPageTest" tests="2" failures="0" timestamp="28 Jun 2021 14:09:54 GMT" time="59.638" errors="0">
  <testcase name="buyPageTitleTest" time="33.477" classname="com.mavendemo.test.BuyPageTest"/>
  <testcase name="buyPageBuyButtonClick" time="26.161" classname="com.mavendemo.test.BuyPageTest"/>
</testsuite> <!-- com.mavendemo.test.BuyPageTest -->
