<?xml version="1.0" encoding="UTF-8"?>
<!-- Generated by org.testng.reporters.JUnitReportReporter -->
<testsuite skipped="0" hostname="LENOVO" name="com.mavendemo.test.LoginPageTest" tests="2" failures="0" timestamp="25 Jun 2021 04:06:30 GMT" time="25.034" errors="0">
  <testcase name="loginPageTitleTest" time="11.441" classname="com.mavendemo.test.LoginPageTest"/>
  <testcase name="loginTest" time="13.593" classname="com.mavendemo.test.LoginPageTest"/>
</testsuite> <!-- com.mavendemo.test.LoginPageTest -->
