<?xml version="1.0" encoding="UTF-8"?>
<!-- Generated by org.testng.reporters.JUnitReportReporter -->
<testsuite skipped="0" hostname="LENOVO" name="com.mavendemo.test.CartPageTest" tests="2" failures="0" timestamp="30 Jun 2021 09:08:37 GMT" time="90.928" errors="0">
  <testcase name="cartPagePriceTest" time="29.804" classname="com.mavendemo.test.CartPageTest"/>
  <testcase name="placeOrderButtonClick" time="61.124" classname="com.mavendemo.test.CartPageTest"/>
</testsuite> <!-- com.mavendemo.test.CartPageTest -->
