<?xml version="1.0" encoding="UTF-8"?>
<!-- Generated by org.testng.reporters.JUnitReportReporter -->
<testsuite skipped="0" hostname="LENOVO" name="com.mavendemo.test.LoginPageTest" tests="2" failures="0" timestamp="30 Jun 2021 09:08:37 GMT" time="29.467" errors="0">
  <testcase name="loginPageTitleTest" time="13.273" classname="com.mavendemo.test.LoginPageTest"/>
  <testcase name="loginTest" time="16.194" classname="com.mavendemo.test.LoginPageTest"/>
</testsuite> <!-- com.mavendemo.test.LoginPageTest -->
