<?xml version="1.0" encoding="UTF-8"?>
<!-- Generated by org.testng.reporters.JUnitReportReporter -->
<testsuite skipped="0" hostname="LENOVO" name="com.mavendemo.test.ProductPageTest" tests="3" failures="0" timestamp="16 Jun 2021 11:25:11 GMT" time="62.786" errors="0">
  <testcase name="ProductPageTitleTest" time="19.001" classname="com.mavendemo.test.ProductPageTest"/>
  <testcase name="ProductPageProductTest" time="21.258" classname="com.mavendemo.test.ProductPageTest"/>
  <testcase name="Producttest" time="22.527" classname="com.mavendemo.test.ProductPageTest"/>
</testsuite> <!-- com.mavendemo.test.ProductPageTest -->
