<?xml version="1.0" encoding="UTF-8"?>
<!-- Generated by org.testng.reporters.JUnitReportReporter -->
<testsuite skipped="0" hostname="LENOVO" name="com.mavendemo.test.PaymentPageTest" tests="1" failures="0" timestamp="24 Jun 2021 09:29:08 GMT" time="50.066" errors="0">
  <testcase name="creditCardPaymentTest" time="50.066" classname="com.mavendemo.test.PaymentPageTest"/>
</testsuite> <!-- com.mavendemo.test.PaymentPageTest -->
