<?xml version="1.0" encoding="UTF-8"?>
<!-- Generated by org.testng.reporters.JUnitReportReporter -->
<testsuite skipped="0" hostname="LENOVO" name="com.mavendemo.test.HomePageAndProductSelectPageTest" tests="3" failures="0" timestamp="30 Jun 2021 09:08:37 GMT" time="65.684" errors="0">
  <testcase name="homePageTitleTest" time="20.971" classname="com.mavendemo.test.HomePageAndProductSelectPageTest"/>
  <testcase name="homeTest" time="24.189" classname="com.mavendemo.test.HomePageAndProductSelectPageTest"/>
  <testcase name="homePageUserTest" time="20.524" classname="com.mavendemo.test.HomePageAndProductSelectPageTest"/>
</testsuite> <!-- com.mavendemo.test.HomePageAndProductSelectPageTest -->
