<?xml version="1.0" encoding="UTF-8"?>
<!-- Generated by org.testng.reporters.JUnitReportReporter -->
<testsuite skipped="0" hostname="LENOVO" name="com.mavendemo.test.HomePageTest" tests="4" failures="0" timestamp="17 Jun 2021 05:38:27 GMT" time="72.008" errors="0">
  <testcase name="homePageTitleTest" time="15.285" classname="com.mavendemo.test.HomePageTest"/>
  <testcase name="homeTest" time="20.277" classname="com.mavendemo.test.HomePageTest"/>
  <testcase name="homePageUserTest" time="17.764" classname="com.mavendemo.test.HomePageTest"/>
  <testcase name="ProductPageProductTest" time="18.682" classname="com.mavendemo.test.HomePageTest"/>
</testsuite> <!-- com.mavendemo.test.HomePageTest -->
