<?xml version="1.0" encoding="UTF-8"?>
<!-- Generated by org.testng.reporters.JUnitReportReporter -->
<testsuite skipped="0" hostname="LENOVO" name="com.mavendemo.test.PaymentPageTest" tests="1" failures="0" timestamp="29 Jun 2021 14:09:37 GMT" time="45.202" errors="0">
  <testcase name="creditCardPaymentTest" time="45.202" classname="com.mavendemo.test.PaymentPageTest"/>
</testsuite> <!-- com.mavendemo.test.PaymentPageTest -->
