<?xml version="1.0" encoding="UTF-8"?>
<!-- Generated by org.testng.reporters.JUnitReportReporter -->
<testsuite skipped="0" hostname="LENOVO" name="com.mavendemo.test.BuyPageTest" tests="2" failures="0" timestamp="23 Jun 2021 06:02:56 GMT" time="70.709" errors="0">
  <testcase name="buyPageTitleTest" time="36.454" classname="com.mavendemo.test.BuyPageTest"/>
  <testcase name="buyPageBuyButtonClick" time="34.255" classname="com.mavendemo.test.BuyPageTest"/>
</testsuite> <!-- com.mavendemo.test.BuyPageTest -->
