<?xml version="1.0" encoding="UTF-8"?>
<!-- Generated by org.testng.reporters.JUnitReportReporter -->
<testsuite skipped="0" hostname="LENOVO" name="com.mavendemo.test.CartPageTest" tests="2" failures="0" timestamp="25 Jun 2021 04:06:30 GMT" time="48.445" errors="0">
  <testcase name="cartPagePriceTest" time="24.188" classname="com.mavendemo.test.CartPageTest"/>
  <testcase name="placeOrderButtonClick" time="24.257" classname="com.mavendemo.test.CartPageTest"/>
</testsuite> <!-- com.mavendemo.test.CartPageTest -->
