<?xml version="1.0" encoding="UTF-8"?>
<!-- Generated by org.testng.reporters.JUnitReportReporter -->
<testsuite skipped="0" hostname="LENOVO" name="com.mavendemo.test.PaymentPageTest" tests="2" failures="0" timestamp="30 Jun 2021 09:08:37 GMT" time="115.064" errors="0">
  <testcase name="paymentPageTitleTest" time="55.705" classname="com.mavendemo.test.PaymentPageTest"/>
  <testcase name="creditCardPaymentTest" time="59.359" classname="com.mavendemo.test.PaymentPageTest"/>
</testsuite> <!-- com.mavendemo.test.PaymentPageTest -->
