<?xml version="1.0" encoding="UTF-8"?>
<!-- Generated by org.testng.reporters.JUnitReportReporter -->
<testsuite skipped="0" hostname="LENOVO" name="com.mavendemo.test.BuyPageTest" tests="2" failures="0" timestamp="29 Jun 2021 07:19:56 GMT" time="91.374" errors="0">
  <testcase name="buyPageTitleTest" time="42.428" classname="com.mavendemo.test.BuyPageTest"/>
  <testcase name="buyPageBuyButtonClick" time="48.946" classname="com.mavendemo.test.BuyPageTest"/>
</testsuite> <!-- com.mavendemo.test.BuyPageTest -->
