<?xml version="1.0" encoding="UTF-8"?>
<!-- Generated by org.testng.reporters.JUnitReportReporter -->
<testsuite skipped="0" hostname="LENOVO" name="com.mavendemo.test.HomePageAndProductSelectPageTest" tests="1" failures="0" timestamp="29 Jun 2021 07:19:56 GMT" time="18.002" errors="0">
  <testcase name="homePageTitleTest" time="18.002" classname="com.mavendemo.test.HomePageAndProductSelectPageTest"/>
</testsuite> <!-- com.mavendemo.test.HomePageAndProductSelectPageTest -->
