<?xml version="1.0" encoding="UTF-8"?>
<!-- Generated by org.testng.reporters.JUnitReportReporter -->
<testsuite skipped="0" hostname="LENOVO" name="com.mavendemo.test.LoginPageTest" tests="1" failures="0" timestamp="29 Jun 2021 07:19:56 GMT" time="11.739" errors="0">
  <testcase name="loginPageTitleTest" time="11.739" classname="com.mavendemo.test.LoginPageTest"/>
</testsuite> <!-- com.mavendemo.test.LoginPageTest -->
